2022-02-09 12:45:53.844  INFO 13148 --- [restartedMain] com.restapi.DemoApplication              : Starting DemoApplication using Java 15.0.2 on LAPTOP-Q4MH7GVP with PID 13148 (C:\Users\mkuma\OneDrive\Desktop\My_workspace\demo\target\classes started by Naga Venkat in C:\Users\mkuma\OneDrive\Desktop\My_workspace\demo)
2022-02-09 12:45:53.845  INFO 13148 --- [restartedMain] com.restapi.DemoApplication              : No active profile set, falling back to default profiles: default
2022-02-09 12:45:54.126  INFO 13148 --- [restartedMain] .s.d.r.c.RepositoryConfigurationDelegate : Bootstrapping Spring Data JPA repositories in DEFAULT mode.
2022-02-09 12:45:54.137  INFO 13148 --- [restartedMain] .s.d.r.c.RepositoryConfigurationDelegate : Finished Spring Data repository scanning in 10 ms. Found 1 JPA repository interfaces.
2022-02-09 12:45:54.300  INFO 13148 --- [restartedMain] o.s.b.w.embedded.tomcat.TomcatWebServer  : Tomcat initialized with port(s): 2022 (http)
2022-02-09 12:45:54.301  INFO 13148 --- [restartedMain] o.apache.catalina.core.StandardService   : Starting service [Tomcat]
2022-02-09 12:45:54.302  INFO 13148 --- [restartedMain] org.apache.catalina.core.StandardEngine  : Starting Servlet engine: [Apache Tomcat/9.0.56]
2022-02-09 12:45:54.335  INFO 13148 --- [restartedMain] o.a.c.c.C.[Tomcat].[localhost].[/]       : Initializing Spring embedded WebApplicationContext
2022-02-09 12:45:54.335  INFO 13148 --- [restartedMain] w.s.c.ServletWebServerApplicationContext : Root WebApplicationContext: initialization completed in 486 ms
2022-02-09 12:45:54.367  INFO 13148 --- [restartedMain] com.zaxxer.hikari.HikariDataSource       : HikariPool-2 - Starting...
2022-02-09 12:45:54.370  INFO 13148 --- [restartedMain] com.zaxxer.hikari.HikariDataSource       : HikariPool-2 - Start completed.
2022-02-09 12:45:54.370  INFO 13148 --- [restartedMain] o.s.b.a.h2.H2ConsoleAutoConfiguration    : H2 console available at '/h2-console'. Database available at 'jdbc:h2:mem:testdb'
2022-02-09 12:45:54.405  INFO 13148 --- [restartedMain] o.hibernate.jpa.internal.util.LogHelper  : HHH000204: Processing PersistenceUnitInfo [name: default]
2022-02-09 12:45:54.415  INFO 13148 --- [restartedMain] org.hibernate.dialect.Dialect            : HHH000400: Using dialect: org.hibernate.dialect.H2Dialect
2022-02-09 12:45:54.478  INFO 13148 --- [restartedMain] o.h.e.t.j.p.i.JtaPlatformInitiator       : HHH000490: Using JtaPlatform implementation: [org.hibernate.engine.transaction.jta.platform.internal.NoJtaPlatform]
2022-02-09 12:45:54.478  INFO 13148 --- [restartedMain] j.LocalContainerEntityManagerFactoryBean : Initialized JPA EntityManagerFactory for persistence unit 'default'
2022-02-09 12:45:54.586  WARN 13148 --- [restartedMain] JpaBaseConfiguration$JpaWebConfiguration : spring.jpa.open-in-view is enabled by default. Therefore, database queries may be performed during view rendering. Explicitly configure spring.jpa.open-in-view to disable this warning
2022-02-09 12:45:54.714  INFO 13148 --- [restartedMain] o.s.b.d.a.OptionalLiveReloadServer       : LiveReload server is running on port 35729
2022-02-09 12:45:54.734  INFO 13148 --- [restartedMain] o.s.b.w.embedded.tomcat.TomcatWebServer  : Tomcat started on port(s): 2022 (http) with context path ''
2022-02-09 12:45:54.742  INFO 13148 --- [restartedMain] com.restapi.DemoApplication              : Started DemoApplication in 0.946 seconds (JVM running for 120.228)
2022-02-09 12:45:54.746  INFO 13148 --- [restartedMain] .ConditionEvaluationDeltaLoggingListener : Condition evaluation unchanged
2022-02-09 12:45:55.661  INFO 13148 --- [RMI TCP Connection(6)-127.0.0.1] inMXBeanRegistrar$SpringApplicationAdmin : Application shutdown requested.
2022-02-09 12:45:55.713  INFO 13148 --- [RMI TCP Connection(6)-127.0.0.1] j.LocalContainerEntityManagerFactoryBean : Closing JPA EntityManagerFactory for persistence unit 'default'
2022-02-09 12:45:55.915  WARN 13148 --- [RMI TCP Connection(6)-127.0.0.1] o.s.b.f.support.DisposableBeanAdapter    : Invocation of destroy method failed on bean with name 'inMemoryDatabaseShutdownExecutor': org.h2.jdbc.JdbcSQLNonTransientConnectionException: Database is already closed (to disable automatic closing at VM shutdown, add ";DB_CLOSE_ON_EXIT=FALSE" to the db URL) [90121-200]
2022-02-09 12:45:55.918  INFO 13148 --- [RMI TCP Connection(6)-127.0.0.1] com.zaxxer.hikari.HikariDataSource       : HikariPool-2 - Shutdown initiated...
2022-02-09 12:45:55.920  INFO 13148 --- [RMI TCP Connection(6)-127.0.0.1] com.zaxxer.hikari.HikariDataSource       : HikariPool-2 - Shutdown completed.
2022-02-09 12:46:06.750  INFO 648 --- [restartedMain] com.restapi.DemoApplication              : Starting DemoApplication using Java 15.0.2 on LAPTOP-Q4MH7GVP with PID 648 (C:\Users\mkuma\OneDrive\Desktop\My_workspace\demo\target\classes started by Naga Venkat in C:\Users\mkuma\OneDrive\Desktop\My_workspace\demo)
2022-02-09 12:46:06.751  INFO 648 --- [restartedMain] com.restapi.DemoApplication              : No active profile set, falling back to default profiles: default
2022-02-09 12:46:06.790  INFO 648 --- [restartedMain] .e.DevToolsPropertyDefaultsPostProcessor : Devtools property defaults active! Set 'spring.devtools.add-properties' to 'false' to disable
2022-02-09 12:46:06.791  INFO 648 --- [restartedMain] .e.DevToolsPropertyDefaultsPostProcessor : For additional web related logging consider setting the 'logging.level.web' property to 'DEBUG'
2022-02-09 12:46:07.649  INFO 648 --- [restartedMain] .s.d.r.c.RepositoryConfigurationDelegate : Bootstrapping Spring Data JPA repositories in DEFAULT mode.
2022-02-09 12:46:07.719  INFO 648 --- [restartedMain] .s.d.r.c.RepositoryConfigurationDelegate : Finished Spring Data repository scanning in 58 ms. Found 1 JPA repository interfaces.
2022-02-09 12:46:08.518  INFO 648 --- [restartedMain] o.s.b.w.embedded.tomcat.TomcatWebServer  : Tomcat initialized with port(s): 2022 (http)
2022-02-09 12:46:08.531  INFO 648 --- [restartedMain] o.apache.catalina.core.StandardService   : Starting service [Tomcat]
2022-02-09 12:46:08.532  INFO 648 --- [restartedMain] org.apache.catalina.core.StandardEngine  : Starting Servlet engine: [Apache Tomcat/9.0.56]
2022-02-09 12:46:08.655  INFO 648 --- [restartedMain] o.a.c.c.C.[Tomcat].[localhost].[/]       : Initializing Spring embedded WebApplicationContext
2022-02-09 12:46:08.656  INFO 648 --- [restartedMain] w.s.c.ServletWebServerApplicationContext : Root WebApplicationContext: initialization completed in 1865 ms
2022-02-09 12:46:08.700  INFO 648 --- [restartedMain] com.zaxxer.hikari.HikariDataSource       : HikariPool-1 - Starting...
2022-02-09 12:46:08.977  INFO 648 --- [restartedMain] com.zaxxer.hikari.HikariDataSource       : HikariPool-1 - Start completed.
2022-02-09 12:46:08.994  INFO 648 --- [restartedMain] o.s.b.a.h2.H2ConsoleAutoConfiguration    : H2 console available at '/h2-console'. Database available at 'jdbc:h2:mem:testdb'
2022-02-09 12:46:09.241  INFO 648 --- [restartedMain] o.hibernate.jpa.internal.util.LogHelper  : HHH000204: Processing PersistenceUnitInfo [name: default]
2022-02-09 12:46:09.328  INFO 648 --- [restartedMain] org.hibernate.Version                    : HHH000412: Hibernate ORM core version 5.6.4.Final
2022-02-09 12:46:09.618  INFO 648 --- [restartedMain] o.hibernate.annotations.common.Version   : HCANN000001: Hibernate Commons Annotations {5.1.2.Final}
2022-02-09 12:46:09.804  INFO 648 --- [restartedMain] org.hibernate.dialect.Dialect            : HHH000400: Using dialect: org.hibernate.dialect.H2Dialect
2022-02-09 12:46:10.725  INFO 648 --- [restartedMain] o.h.e.t.j.p.i.JtaPlatformInitiator       : HHH000490: Using JtaPlatform implementation: [org.hibernate.engine.transaction.jta.platform.internal.NoJtaPlatform]
2022-02-09 12:46:10.737  INFO 648 --- [restartedMain] j.LocalContainerEntityManagerFactoryBean : Initialized JPA EntityManagerFactory for persistence unit 'default'
2022-02-09 12:46:11.168  WARN 648 --- [restartedMain] JpaBaseConfiguration$JpaWebConfiguration : spring.jpa.open-in-view is enabled by default. Therefore, database queries may be performed during view rendering. Explicitly configure spring.jpa.open-in-view to disable this warning
2022-02-09 12:46:11.691  INFO 648 --- [restartedMain] o.s.b.d.a.OptionalLiveReloadServer       : LiveReload server is running on port 35729
2022-02-09 12:46:11.754  INFO 648 --- [restartedMain] o.s.b.w.embedded.tomcat.TomcatWebServer  : Tomcat started on port(s): 2022 (http) with context path ''
2022-02-09 12:46:11.771  INFO 648 --- [restartedMain] com.restapi.DemoApplication              : Started DemoApplication in 5.516 seconds (JVM running for 6.943)
2022-02-09 12:50:46.779  INFO 648 --- [Thread-5] j.LocalContainerEntityManagerFactoryBean : Closing JPA EntityManagerFactory for persistence unit 'default'
2022-02-09 12:50:47.000  WARN 648 --- [Thread-5] o.s.b.f.support.DisposableBeanAdapter    : Invocation of destroy method failed on bean with name 'inMemoryDatabaseShutdownExecutor': org.h2.jdbc.JdbcSQLNonTransientConnectionException: Database is already closed (to disable automatic closing at VM shutdown, add ";DB_CLOSE_ON_EXIT=FALSE" to the db URL) [90121-200]
2022-02-09 12:50:47.002  INFO 648 --- [Thread-5] com.zaxxer.hikari.HikariDataSource       : HikariPool-1 - Shutdown initiated...
2022-02-09 12:50:47.016  INFO 648 --- [Thread-5] com.zaxxer.hikari.HikariDataSource       : HikariPool-1 - Shutdown completed.
