2022-02-09 12:50:47.151  INFO 648 --- [restartedMain] com.restapi.DemoApplication              : Starting DemoApplication using Java 15.0.2 on LAPTOP-Q4MH7GVP with PID 648 (C:\Users\mkuma\OneDrive\Desktop\My_workspace\demo\target\classes started by Naga Venkat in C:\Users\mkuma\OneDrive\Desktop\My_workspace\demo)
2022-02-09 12:50:47.152  INFO 648 --- [restartedMain] com.restapi.DemoApplication              : No active profile set, falling back to default profiles: default
2022-02-09 12:50:47.399  INFO 648 --- [restartedMain] .s.d.r.c.RepositoryConfigurationDelegate : Bootstrapping Spring Data JPA repositories in DEFAULT mode.
2022-02-09 12:50:47.412  INFO 648 --- [restartedMain] .s.d.r.c.RepositoryConfigurationDelegate : Finished Spring Data repository scanning in 12 ms. Found 1 JPA repository interfaces.
2022-02-09 12:50:47.578  INFO 648 --- [restartedMain] o.s.b.w.embedded.tomcat.TomcatWebServer  : Tomcat initialized with port(s): 2022 (http)
2022-02-09 12:50:47.579  INFO 648 --- [restartedMain] o.apache.catalina.core.StandardService   : Starting service [Tomcat]
2022-02-09 12:50:47.579  INFO 648 --- [restartedMain] org.apache.catalina.core.StandardEngine  : Starting Servlet engine: [Apache Tomcat/9.0.56]
2022-02-09 12:50:47.616  INFO 648 --- [restartedMain] o.a.c.c.C.[Tomcat].[localhost].[/]       : Initializing Spring embedded WebApplicationContext
2022-02-09 12:50:47.616  INFO 648 --- [restartedMain] w.s.c.ServletWebServerApplicationContext : Root WebApplicationContext: initialization completed in 461 ms
2022-02-09 12:50:47.639  INFO 648 --- [restartedMain] com.zaxxer.hikari.HikariDataSource       : HikariPool-2 - Starting...
2022-02-09 12:50:47.641  INFO 648 --- [restartedMain] com.zaxxer.hikari.HikariDataSource       : HikariPool-2 - Start completed.
2022-02-09 12:50:47.642  INFO 648 --- [restartedMain] o.s.b.a.h2.H2ConsoleAutoConfiguration    : H2 console available at '/h2-console'. Database available at 'jdbc:h2:mem:testdb'
2022-02-09 12:50:47.672  INFO 648 --- [restartedMain] o.hibernate.jpa.internal.util.LogHelper  : HHH000204: Processing PersistenceUnitInfo [name: default]
2022-02-09 12:50:47.678  INFO 648 --- [restartedMain] org.hibernate.dialect.Dialect            : HHH000400: Using dialect: org.hibernate.dialect.H2Dialect
2022-02-09 12:50:47.727  INFO 648 --- [restartedMain] o.h.e.t.j.p.i.JtaPlatformInitiator       : HHH000490: Using JtaPlatform implementation: [org.hibernate.engine.transaction.jta.platform.internal.NoJtaPlatform]
2022-02-09 12:50:47.728  INFO 648 --- [restartedMain] j.LocalContainerEntityManagerFactoryBean : Initialized JPA EntityManagerFactory for persistence unit 'default'
2022-02-09 12:50:47.819  WARN 648 --- [restartedMain] JpaBaseConfiguration$JpaWebConfiguration : spring.jpa.open-in-view is enabled by default. Therefore, database queries may be performed during view rendering. Explicitly configure spring.jpa.open-in-view to disable this warning
2022-02-09 12:50:47.942  INFO 648 --- [restartedMain] o.s.b.d.a.OptionalLiveReloadServer       : LiveReload server is running on port 35729
2022-02-09 12:50:47.957  INFO 648 --- [restartedMain] o.s.b.w.embedded.tomcat.TomcatWebServer  : Tomcat started on port(s): 2022 (http) with context path ''
2022-02-09 12:50:47.967  INFO 648 --- [restartedMain] com.restapi.DemoApplication              : Started DemoApplication in 0.871 seconds (JVM running for 283.142)
2022-02-09 12:50:47.971  INFO 648 --- [restartedMain] .ConditionEvaluationDeltaLoggingListener : Condition evaluation unchanged
2022-02-09 12:50:52.257  INFO 648 --- [RMI TCP Connection(11)-127.0.0.1] inMXBeanRegistrar$SpringApplicationAdmin : Application shutdown requested.
2022-02-09 12:50:52.318  INFO 648 --- [RMI TCP Connection(11)-127.0.0.1] j.LocalContainerEntityManagerFactoryBean : Closing JPA EntityManagerFactory for persistence unit 'default'
2022-02-09 12:50:52.521  WARN 648 --- [RMI TCP Connection(11)-127.0.0.1] o.s.b.f.support.DisposableBeanAdapter    : Invocation of destroy method failed on bean with name 'inMemoryDatabaseShutdownExecutor': org.h2.jdbc.JdbcSQLNonTransientConnectionException: Database is already closed (to disable automatic closing at VM shutdown, add ";DB_CLOSE_ON_EXIT=FALSE" to the db URL) [90121-200]
2022-02-09 12:50:52.523  INFO 648 --- [RMI TCP Connection(11)-127.0.0.1] com.zaxxer.hikari.HikariDataSource       : HikariPool-2 - Shutdown initiated...
2022-02-09 12:50:52.525  INFO 648 --- [RMI TCP Connection(11)-127.0.0.1] com.zaxxer.hikari.HikariDataSource       : HikariPool-2 - Shutdown completed.
2022-02-09 12:51:08.725  INFO 11552 --- [restartedMain] com.restapi.DemoApplication              : Starting DemoApplication using Java 15.0.2 on LAPTOP-Q4MH7GVP with PID 11552 (C:\Users\mkuma\OneDrive\Desktop\My_workspace\demo\target\classes started by Naga Venkat in C:\Users\mkuma\OneDrive\Desktop\My_workspace\demo)
2022-02-09 12:51:08.727  INFO 11552 --- [restartedMain] com.restapi.DemoApplication              : No active profile set, falling back to default profiles: default
2022-02-09 12:51:08.803  INFO 11552 --- [restartedMain] .e.DevToolsPropertyDefaultsPostProcessor : Devtools property defaults active! Set 'spring.devtools.add-properties' to 'false' to disable
2022-02-09 12:51:08.805  INFO 11552 --- [restartedMain] .e.DevToolsPropertyDefaultsPostProcessor : For additional web related logging consider setting the 'logging.level.web' property to 'DEBUG'
2022-02-09 12:51:09.761  INFO 11552 --- [restartedMain] .s.d.r.c.RepositoryConfigurationDelegate : Bootstrapping Spring Data JPA repositories in DEFAULT mode.
2022-02-09 12:51:09.840  INFO 11552 --- [restartedMain] .s.d.r.c.RepositoryConfigurationDelegate : Finished Spring Data repository scanning in 58 ms. Found 1 JPA repository interfaces.
2022-02-09 12:51:10.741  INFO 11552 --- [restartedMain] o.s.b.w.embedded.tomcat.TomcatWebServer  : Tomcat initialized with port(s): 2022 (http)
2022-02-09 12:51:10.754  INFO 11552 --- [restartedMain] o.apache.catalina.core.StandardService   : Starting service [Tomcat]
2022-02-09 12:51:10.756  INFO 11552 --- [restartedMain] org.apache.catalina.core.StandardEngine  : Starting Servlet engine: [Apache Tomcat/9.0.56]
2022-02-09 12:51:10.894  INFO 11552 --- [restartedMain] o.a.c.c.C.[Tomcat].[localhost].[/]       : Initializing Spring embedded WebApplicationContext
2022-02-09 12:51:10.895  INFO 11552 --- [restartedMain] w.s.c.ServletWebServerApplicationContext : Root WebApplicationContext: initialization completed in 2089 ms
2022-02-09 12:51:10.949  INFO 11552 --- [restartedMain] com.zaxxer.hikari.HikariDataSource       : HikariPool-1 - Starting...
2022-02-09 12:51:11.247  INFO 11552 --- [restartedMain] com.zaxxer.hikari.HikariDataSource       : HikariPool-1 - Start completed.
2022-02-09 12:51:11.264  INFO 11552 --- [restartedMain] o.s.b.a.h2.H2ConsoleAutoConfiguration    : H2 console available at '/h2-console'. Database available at 'jdbc:h2:mem:testdb'
2022-02-09 12:51:11.544  INFO 11552 --- [restartedMain] o.hibernate.jpa.internal.util.LogHelper  : HHH000204: Processing PersistenceUnitInfo [name: default]
2022-02-09 12:51:11.633  INFO 11552 --- [restartedMain] org.hibernate.Version                    : HHH000412: Hibernate ORM core version 5.6.4.Final
2022-02-09 12:51:11.918  INFO 11552 --- [restartedMain] o.hibernate.annotations.common.Version   : HCANN000001: Hibernate Commons Annotations {5.1.2.Final}
2022-02-09 12:51:12.120  INFO 11552 --- [restartedMain] org.hibernate.dialect.Dialect            : HHH000400: Using dialect: org.hibernate.dialect.H2Dialect
2022-02-09 12:51:13.074  INFO 11552 --- [restartedMain] o.h.e.t.j.p.i.JtaPlatformInitiator       : HHH000490: Using JtaPlatform implementation: [org.hibernate.engine.transaction.jta.platform.internal.NoJtaPlatform]
2022-02-09 12:51:13.087  INFO 11552 --- [restartedMain] j.LocalContainerEntityManagerFactoryBean : Initialized JPA EntityManagerFactory for persistence unit 'default'
2022-02-09 12:51:13.575  WARN 11552 --- [restartedMain] JpaBaseConfiguration$JpaWebConfiguration : spring.jpa.open-in-view is enabled by default. Therefore, database queries may be performed during view rendering. Explicitly configure spring.jpa.open-in-view to disable this warning
2022-02-09 12:51:14.092  INFO 11552 --- [restartedMain] o.s.b.d.a.OptionalLiveReloadServer       : LiveReload server is running on port 35729
2022-02-09 12:51:14.152  INFO 11552 --- [restartedMain] o.s.b.w.embedded.tomcat.TomcatWebServer  : Tomcat started on port(s): 2022 (http) with context path ''
2022-02-09 12:51:14.170  INFO 11552 --- [restartedMain] com.restapi.DemoApplication              : Started DemoApplication in 6.045 seconds (JVM running for 7.279)
2022-02-09 12:52:27.470  INFO 11552 --- [Thread-5] j.LocalContainerEntityManagerFactoryBean : Closing JPA EntityManagerFactory for persistence unit 'default'
2022-02-09 12:52:27.685  WARN 11552 --- [Thread-5] o.s.b.f.support.DisposableBeanAdapter    : Invocation of destroy method failed on bean with name 'inMemoryDatabaseShutdownExecutor': org.h2.jdbc.JdbcSQLNonTransientConnectionException: Database is already closed (to disable automatic closing at VM shutdown, add ";DB_CLOSE_ON_EXIT=FALSE" to the db URL) [90121-200]
2022-02-09 12:52:27.686  INFO 11552 --- [Thread-5] com.zaxxer.hikari.HikariDataSource       : HikariPool-1 - Shutdown initiated...
2022-02-09 12:52:27.689  INFO 11552 --- [Thread-5] com.zaxxer.hikari.HikariDataSource       : HikariPool-1 - Shutdown completed.
